<?xml version="1.0" encoding="UTF-8"?>
<testng-results skipped="0" failed="0" ignored="0" total="1" passed="1">
  <reporter-output>
  </reporter-output>
  <suite name="Default suite" duration-ms="4762" started-at="2021-03-24T15:20:03Z" finished-at="2021-03-24T15:20:07Z">
    <groups>
    </groups>
    <test name="Default test" duration-ms="4762" started-at="2021-03-24T15:20:03Z" finished-at="2021-03-24T15:20:07Z">
      <class name="parameterization.Parameterization">
        <test-method status="PASS" signature="test_Post(java.lang.Object, java.lang.Object, java.lang.Object)[pri:0, instance:parameterization.Parameterization@59f99ea]" name="test_Post" duration-ms="3372" started-at="2021-03-24T15:20:04Z" data-provider="readData" finished-at="2021-03-24T15:20:07Z">
          <params>
            <param index="0">
              <value>
                <![CDATA[krish]]>
              </value>
            </param>
            <param index="1">
              <value>
                <![CDATA[naaa]]>
              </value>
            </param>
            <param index="2">
              <value>
                <![CDATA[2]]>
              </value>
            </param>
          </params>
          <reporter-output>
          </reporter-output>
        </test-method> <!-- test_Post -->
      </class> <!-- parameterization.Parameterization -->
    </test> <!-- Default test -->
  </suite> <!-- Default suite -->
</testng-results>
